SF:lib/data/models/url_alias_response.dart
DA:9,4
DA:11,2
DA:12,6
DA:15,2
DA:16,6
DA:31,4
DA:33,2
DA:34,2
DA:35,2
DA:37,6
DA:38,4
DA:39,1
DA:43,2
DA:44,8
LF:14
LH:14
end_of_record
SF:lib/data/network/api_result.dart
DA:25,2
DA:37,2
DA:38,2
DA:40,4
DA:49,2
DA:50,2
DA:52,6
DA:60,1
DA:61,1
DA:62,1
DA:63,2
DA:65,0
DA:66,0
DA:67,0
DA:70,0
DA:73,0
DA:76,0
DA:79,0
DA:87,1
DA:88,1
DA:90,1
DA:92,0
DA:94,0
DA:96,0
DA:98,0
DA:101,0
LF:26
LH:14
end_of_record
SF:lib/data/repositories/url_shortener_repository.dart
DA:35,1
DA:37,1
DA:40,3
DA:42,1
DA:44,1
DA:45,1
DA:46,1
DA:47,3
DA:49,1
DA:53,0
DA:56,0
DA:58,0
DA:60,0
DA:61,0
DA:62,0
DA:63,0
DA:65,0
LF:17
LH:9
end_of_record
SF:lib/features/home/home_state.dart
DA:14,2
DA:20,1
LF:2
LH:2
end_of_record
SF:lib/features/home/home_cubit.dart
DA:19,3
DA:21,1
DA:22,1
DA:23,2
DA:27,2
DA:29,2
DA:31,1
DA:32,1
DA:33,2
DA:34,4
DA:36,1
DA:37,2
LF:12
LH:12
end_of_record
SF:lib/data/network/dio_client.dart
DA:11,0
DA:13,0
DA:17,0
DA:20,0
DA:23,0
DA:24,0
DA:29,0
DA:31,0
DA:32,0
DA:33,0
DA:38,0
DA:40,0
DA:41,0
DA:42,0
LF:14
LH:0
end_of_record
SF:lib/features/home/home_page.dart
DA:19,2
DA:21,1
DA:22,1
DA:28,1
DA:30,2
DA:31,1
DA:34,1
DA:36,1
DA:37,1
DA:40,1
DA:41,1
DA:44,0
DA:45,0
DA:50,1
DA:51,0
DA:52,0
DA:53,0
DA:55,0
DA:56,0
DA:57,0
DA:61,1
DA:62,1
DA:63,1
DA:64,1
DA:65,1
DA:66,1
DA:67,1
DA:75,1
DA:76,1
DA:78,1
DA:79,1
DA:80,1
DA:81,1
DA:82,1
DA:83,1
DA:87,2
DA:94,1
DA:96,1
DA:97,1
DA:99,1
DA:100,4
DA:102,1
DA:103,2
DA:104,2
DA:105,2
DA:115,1
DA:116,1
DA:117,2
DA:120,1
DA:121,1
DA:123,1
DA:125,1
DA:126,1
DA:128,3
DA:130,1
DA:131,1
DA:132,1
DA:133,2
DA:134,1
DA:135,3
DA:146,1
DA:147,4
LF:62
LH:54
end_of_record
SF:lib/app_routes.dart
DA:29,0
DA:30,0
DA:31,0
DA:32,0
DA:33,0
DA:34,0
DA:39,0
DA:40,0
DA:45,0
DA:46,0
LF:10
LH:0
end_of_record
SF:lib/features/about/about_page.dart
DA:8,1
DA:10,0
DA:11,0
DA:17,0
DA:19,0
DA:20,0
DA:23,0
DA:24,0
DA:25,0
DA:26,0
DA:30,0
DA:32,0
DA:33,0
DA:34,0
DA:35,0
DA:36,0
DA:38,0
DA:39,0
DA:41,0
DA:44,0
DA:47,0
LF:21
LH:1
end_of_record
SF:lib/core/assets/app_svgs.dart
DA:23,0
LF:1
LH:0
end_of_record
SF:lib/core/theme/app_colors.dart
DA:8,0
DA:52,3
LF:2
LH:1
end_of_record
SF:lib/core/theme/app_sizes.dart
DA:25,0
DA:34,0
DA:35,3
DA:36,0
DA:37,0
DA:38,0
LF:6
LH:1
end_of_record
SF:lib/core/theme/app_spacing.dart
DA:25,0
LF:1
LH:0
end_of_record
SF:lib/core/theme/app_text_styles.dart
DA:33,3
DA:35,0
DA:36,0
DA:37,0
DA:39,0
DA:40,0
DA:41,0
DA:43,0
DA:44,3
DA:45,0
DA:47,3
DA:48,0
DA:49,3
DA:51,0
DA:52,0
DA:53,0
LF:16
LH:4
end_of_record
SF:lib/core/widgets/url_list_item.dart
DA:15,1
DA:17,1
DA:19,1
DA:20,0
DA:21,0
DA:23,0
DA:25,0
DA:28,0
DA:30,0
DA:32,0
DA:35,0
DA:38,1
DA:40,1
DA:41,2
DA:43,1
DA:44,1
DA:45,1
DA:46,1
DA:48,1
DA:49,1
DA:50,3
DA:51,2
DA:55,1
DA:56,2
DA:57,4
DA:61,1
DA:62,3
DA:63,2
DA:70,1
DA:74,1
LF:30
LH:22
end_of_record
